15:22:52.329 [main] INFO  api.test.userTests - Creating user
15:22:57.169 [main] INFO  api.test.userTests - Created user
15:22:57.195 [main] INFO  api.test.userTests - Getting user
15:22:58.637 [main] INFO  api.test.userTests - Displayed user
15:22:58.645 [main] INFO  api.test.userTests - updating user
15:23:01.588 [main] INFO  api.test.userTests - updated user
15:23:01.599 [main] INFO  api.test.userTests - deleting  user
15:23:03.138 [main] INFO  api.test.userTests - deleted user
12:09:12.384 [main] DEBUG api.test.UserTests2 - debugging.....
12:09:12.436 [main] INFO  api.test.UserTests2 - ********** Creating user  ***************
12:09:19.491 [main] INFO  api.test.UserTests2 - **********User is creatged  ***************
12:09:19.506 [main] INFO  api.test.UserTests2 - ********** Reading User Info ***************
12:09:20.948 [main] INFO  api.test.UserTests2 - **********User info  is displayed ***************
12:09:20.960 [main] INFO  api.test.UserTests2 - ********** Updating User ***************
12:09:22.393 [main] INFO  api.test.UserTests2 - ********** User updated ***************
12:09:23.831 [main] INFO  api.test.UserTests2 - **********   Deleting User  ***************
12:09:25.304 [main] INFO  api.test.UserTests2 - ********** User deleted ***************
12:25:22.819 [main] INFO  api.test.userTests - Creating user
12:25:29.407 [main] INFO  api.test.userTests - Created user
12:25:29.429 [main] INFO  api.test.userTests - Getting user
12:25:30.916 [main] INFO  api.test.userTests - Displayed user
12:25:30.923 [main] INFO  api.test.userTests - updating user
12:25:33.832 [main] INFO  api.test.userTests - updated user
12:25:33.837 [main] INFO  api.test.userTests - deleting  user
12:25:35.295 [main] INFO  api.test.userTests - deleted user
13:10:14.461 [main] INFO  api.test.userTests - Creating user
13:10:21.351 [main] INFO  api.test.userTests - Created user
13:10:21.393 [main] INFO  api.test.userTests - Getting user
13:10:22.922 [main] INFO  api.test.userTests - Displayed user
13:10:22.929 [main] INFO  api.test.userTests - updating user
13:10:25.831 [main] INFO  api.test.userTests - updated user
13:10:25.838 [main] INFO  api.test.userTests - deleting  user
13:10:27.368 [main] INFO  api.test.userTests - deleted user
13:17:42.399 [main] INFO  api.test.userTests - Creating user
13:17:47.119 [main] INFO  api.test.userTests - Created user
13:17:47.153 [main] INFO  api.test.userTests - Getting user
13:17:48.616 [main] INFO  api.test.userTests - Displayed user
13:17:48.619 [main] INFO  api.test.userTests - updating user
13:17:51.543 [main] INFO  api.test.userTests - updated user
13:17:51.547 [main] INFO  api.test.userTests - deleting  user
13:17:52.975 [main] INFO  api.test.userTests - deleted user
13:19:06.492 [main] INFO  api.test.userTests - Creating user
13:19:12.671 [main] INFO  api.test.userTests - Created user
13:19:12.689 [main] INFO  api.test.userTests - Getting user
13:19:14.146 [main] INFO  api.test.userTests - Displayed user
13:19:14.154 [main] INFO  api.test.userTests - updating user
13:19:17.033 [main] INFO  api.test.userTests - updated user
13:19:17.040 [main] INFO  api.test.userTests - deleting  user
13:19:18.525 [main] INFO  api.test.userTests - deleted user
